<?xml version="1.0" encoding="UTF-8"?>
<!-- Generated by org.testng.reporters.JUnitReportReporter -->
<testsuite ignored="1" hostname="MyAlienWare" failures="0" tests="2" name="testCases.E2E_SmokeSet" time="45.844" errors="0" timestamp="11 Nov 2022 23:14:29 GMT" skipped="0">
  <testcase classname="testCases.E2E_SmokeSet" name="TC003_Search" time="18.755"/>
  <testcase classname="testCases.E2E_SmokeSet" name="TC001_SuccessfulOrder" time="27.089"/>
  <testcase classname="testCases.E2E_SmokeSet" name="TC001_ViewOrder">
    <skipped/>
  </testcase> <!-- TC001_ViewOrder -->
</testsuite> <!-- testCases.E2E_SmokeSet -->
